-5.3172284444715556e-01  -8.6073048130343954e-01  1.3916875982316146e-05  8.3461671113768676e-01  -5.2942607015758236e-01  7.0738064068736616e-06  1.0000000000000000e+00  4.4218576845652197e-02  -3.3785524791405980e-02 -8.1148099159038473e-05
-1.9951819501244525e-01 -9.9592719682338449e-01  1.0005809324965869e-05  9.8034803681851446e-01  -2.1302638498932319e-01  -2.8329167098843689e-05  9.7551650638785670e-01  5.1638320306179125e-02  -2.0741920184967226e-02  -8.6207256980134285e-05
1.6410054180967065e-01  -1.0119958951249437e+00  -6.3528765109423592e-06  1.0081035809945413e+00  1.2846815941526160e-01  -6.1669189747264120e-05  9.5103301277571695e-01  5.5565423953763314e-02  -3.0376456118350595e-03 -8.4727051081198953e-05
5.1541816131724993e-01 -9.0578982381634499e-01  -3.3504068434487281e-05  9.1658465389220223e-01  4.4768286329111295e-01  -8.5711544626541504e-05  9.2654951916358796e-01  5.4713839934618896e-02  1.0155857567733843e-02  -7.1311759655253424e-05
8.1676090069433538e-01  -6.9525841971543767e-01  -6.6576590831296547e-05  7.3211321341229396e-01  7.0461335216622167e-01  -9.4370222138435487e-05  9.0206602555142168e-01  4.9319303480905533e-02  2.5775082864421935e-02 -4.7076609585655162e-05
1.0389663771623869e+00 -4.0724839107574118e-01  -9.9404072553571914e-05  4.9278649760126075e-01  8.7099324312448267e-01  -8.2593116596323647e-05  8.7758253193927771e-01  4.4446119195626986e-02  3.3485717434555508e-02  -5.0035471794745432e-06
1.1720572316913112e+00  -7.5228954843685233e-02  -1.2326311984605889e-04  2.3997041683707357e-01  9.4765890918959550e-01  -4.4841308643268441e-05  8.5309903832712408e-01  3.5642701063042896e-02  4.2735760110102397e-02 5.8970025289478641e-05
1.2159588748406174e+00 2.6956811220859772e-01  -1.2845959316240001e-04  8.8517215830525992e-03  9.4763952661238071e-01  2.3531672718416680e-05  8.2861554471497278e-01  3.2591383308742207e-02  4.5105782187773974e-02  1.4476168689532906e-04
1.1830835532668587e+00  6.0471962486993458e-01  -1.0086780776833967e-04  -1.8403665752583784e-01  8.9439054526474793e-01  1.3623453486523475e-04  8.0413205110282659e-01  2.7194050229170100e-02  4.8550556849466686e-02 2.7905278903758300e-04
1.0885352262022696e+00 9.1392491769348616e-01  -2.3716169242127692e-05  -3.3086820621847085e-01  8.1088877050881758e-01  3.0209754530087615e-04  7.7964855749065343e-01  2.8250569732802766e-02  4.7942491294309088e-02  4.1670968479919800e-04
9.4868435463065803e-01  1.1903562386310047e+00  1.2681800371818657e-04  -4.3422366904555354e-01  7.1339360191365842e-01  5.4149559001335525e-04  7.5516506387852911e-01  2.9097422549202882e-02  4.7430960016057830e-02 6.2836425942602999e-04
7.7860518196680706e-01 1.4306799249794739e+00  3.7824672593074775e-04  -4.9992867767307858e-01  6.1451821377503468e-01  8.6079834712572906e-04  7.3068157026641201e-01  3.2503611631039597e-02  4.5162550256867731e-02  7.8108509696767612e-04
5.9029773227954530e-01  1.6359614330388030e+00  7.6025837410611857e-04  -5.3489082148185185e-01  5.1987030297529402e-01  1.2626504910823498e-03  7.0619807665423162e-01  3.6384740277814590e-02  4.2094285126124217e-02 9.8622683131965980e-04
3.9397120700317251e-01 1.8082823991481065e+00  1.3024662448788316e-03  -5.4637094802034447e-01  4.3324276097400283e-01  1.7425334156836157e-03  6.8171458304205124e-01  3.9018632767969394e-02  3.9662195195057169e-02  1.0988074998790692e-03
1.9671124133949847e-01  1.9508135719800719e+00  2.0301933401694018e-03  -5.4004582245303345e-01  3.5535373034233725e-01  2.2871955992358841e-03  6.5723108942993402e-01  4.1893621921866672e-02  3.6608059406531418e-02 1.2350050404019654e-03
4.3318095459052852e-03 2.0667619230730523e+00  2.9665868018031085e-03  -5.2078548691382354e-01  2.8636521801531711e-01  2.8934860568921991e-03  6.3274759581778772e-01  4.3070790400967340e-02  3.5212550162154473e-02  1.3168652201174735e-03
-1.7933434224837924e-01  2.1592305113503367e+00  4.1327303120883320e-03  -4.9192602019283999e-01  2.2568481761404741e-01  3.5560090553922370e-03  6.0826410220563654e-01  4.4419225330019831e-02  3.3491497906468957e-02 1.4152023737188620e-03
-3.5114843665844581e-01 2.2311322313061002e+00  5.5495431622633734e-03  -4.5604285252085086e-01  1.7253399798983077e-01  4.2799409236425889e-03  5.8378060859351821e-01  4.4659411517752094e-02  3.3166867692704702e-02  1.4988859319357460e-03
-5.0900211721628419e-01  2.2850192683875110e+00  7.2410054029785620e-03  -4.1482849158214624e-01  1.2619725635552093e-01  5.0727828035930476e-03  5.5929711498133894e-01  4.4982304593785868e-02  3.2722698200910741e-02 1.6025306897323071e-03
-6.5113034227345001e-01 2.3232614428195708e+00  9.2335763516244070e-03  -3.6956455054828741e-01  8.5940278033337675e-02  5.9494868815944246e-03  5.3481362136916155e-01  4.4515581354746897e-02  3.3349071176549554e-02  1.7185101118712208e-03
-7.7629943565565829e-01  2.3479480032523830e+00  1.1563346274378709e-02  -3.2117029825330962e-01  5.1335268078883937e-02  6.9349917487579564e-03  5.1033012775704134e-01  4.3917699115749533e-02  3.4124562424402587e-02 1.8710297753354263e-03
-8.8346581924358913e-01 2.3610710132893313e+00  1.4272865106649935e-02  -2.7044927442573707e-01  2.2071079623567896e-02  8.0641445300444047e-03  4.8584663414488766e-01  4.2337232379842375e-02  3.6055751894015615e-02  2.0717911252530301e-03
-9.7202942170853424e-01  2.3646101589931670e+00  1.7429979938364870e-02  -2.1843491626182496e-01  -1.5924074502538048e-03  9.4068773059068043e-03  4.6136314053272653e-01  3.9845558513957671e-02  3.8774903763354997e-02 2.3641306130880997e-03
-1.0409776063709990e+00 2.3620084487612356e+00  2.1214447288477351e-02  -1.6480815805153126e-01  -1.5109745875296848e-02  1.1325861299181835e-02  4.3483935579206451e-01  3.4393996581345128e-02  4.3657093373713568e-02  2.8039269679460397e-03
-1.0931895895349453e+00  2.3519756762223469e+00  2.5512119285356998e-02  -1.2600787308642264e-01  -4.2631057513416420e-02  1.2241091990090953e-02  4.2055731781581090e-01  5.0358065318006344e-11  1.7853478788336823e-10 3.8618530011021958e-11
-1.1346675021982682e+00 2.3277353552764568e+00  2.9844102698112444e-02  -1.0286494601318502e-01  -9.1248559061823137e-02  1.1666194379481522e-02  4.2055731778191108e-01  4.7804791792627167e-13  2.7433989932253706e-12  2.3500367728953270e-13
-1.1675552382882979e+00  2.2858768693220970e+00  3.3950018722385629e-02  -7.8567919576399109e-02  -1.3992881638978374e-01  1.0992616326264266e-02  4.2055731778725230e-01  -8.4861463524703487e-12  7.0807138830866201e-12 9.9003757376663241e-13
-1.1907240070284795e+00 2.2263684059248545e+00  3.7794600209919232e-02  -5.3108212504887467e-02  -1.8832981363585949e-01  1.0288520142346470e-02  4.2016665346535170e-01  -7.7501841513915913e-03  2.9245751677455076e-03  2.6813968983960875e-04
-1.2087192614315045e+00  2.1497462797830509e+00  4.1437560428642599e-02  -4.9996763029841261e-02  -2.3444042020387779e-01  9.8791463600325490e-03  4.0753424233980251e-01  -5.4992846611289690e-02  8.4614093764383766e-03 9.7066042128162084e-04
-1.2304522976560177e+00 2.0563792471965385e+00  4.4953693411452320e-02  -7.0013339086129403e-02  -2.8220698034888914e-01  9.4515685686754197e-03  3.8305074872767064e-01  -5.5550400607884777e-02  3.2630625634742488e-03  5.0618544146289492e-04
-1.2594208865704883e+00  1.9446050582591041e+00  4.8220004864938742e-02  -8.9955695224329307e-02  -3.3609544837342065e-01  8.4994865083659228e-03  3.5856725511550491e-01  -5.5648042219729299e-02  -8.8583741148930214e-06 2.1477280907917742e-04
-1.2954777418337968e+00 1.8124188172184645e+00  5.1058186814284659e-02  -1.0879504046296938e-01  -3.9450872309800133e-01  7.1002023308441766e-03  3.3408376150333985e-01  -5.5642307492470872e-02  -8.2581675860000329e-04  4.9520596199300582e-05
-1.3379485338536974e+00  1.6584319869561663e+00  5.3308783343829720e-02  -1.2537718615094759e-01  -4.5649098743392968e-01  5.2544979146293509e-03  3.0960026789120731e-01  -5.5628947311169477e-02  -1.4716180671987291e-03 -7.3280407258798709e-05
-1.3858631975008406e+00 1.4815076046980413e+00  5.4811498722676849e-02  -1.3835750442295897e-01  -5.2055275472767604e-01  2.9693442911796421e-03  2.8511677427908078e-01  -5.5648366312136509e-02  1.8480242848442496e-05  -9.8964464062790470e-05
-1.4375248150698277e+00  1.2814220159185754e+00  5.5405134531051739e-02  -1.4607004599379561e-01  -5.8440064694250227e-01  2.3403154910719181e-04  2.6063328066690972e-01  -5.5636594407988134e-02  1.1421820097506116e-03 -1.2486658013561100e-04
-1.4907694621783569e+00 1.0586394527632277e+00  5.4931074579342563e-02  -1.4671945777683687e-01  -6.4420999758985009e-01  -2.8957564421442043e-03  2.3614978705475179e-01  -5.5452017514993408e-02  4.6716577149426121e-03  -1.3281718951564675e-05
-1.5428820854126042e+00  8.1607033163930798e-01  5.3276096702495161e-02  -1.3981835145527674e-01  -6.9367353349418914e-01  -6.2876843888264268e-03  2.1166629344261212e-01  -5.5136686532295656e-02  7.5293904857698614e-03 6.9898985241202357e-05
-1.5910646959394552e+00 5.5835655993520217e-01  5.0374544087747622e-02  -1.2637102046299115e-01  -7.2528714353523482e-01  -9.6559243230750907e-03  1.8718279983046823e-01  -5.4425642662913762e-02  1.1597302334668484e-02  3.2063683189667992e-04
-1.6344827049305812e+00  2.9384907392201626e-01  4.6340593462898587e-02  -1.1350544933737178e-01  -7.3119237705150797e-01  -1.2541445123044113e-02  1.6269930621831452e-01  -5.3756506531757481e-02  1.4378279484556323e-02  5.0387824525493044e-04
