0.0000000000000000e+00 -2.0000000000000000e+00 0.0000000000000000e+00 0.0000000000000000e+00 0.0000000000000000e+00 0.0000000000000000e+00 0.0000000000000000e+00 0.0000000000000000e+00 0.0000000000000000e+00
8.0435025667306717e-02 -2.0001863319774253e+00 -3.0887529455037514e-03 3.9966565977540663e-07 9.9376025918980482e-06 8.6263911388003843e-04 2.1449340177948452e-02 9.9999999999999978e-02 -9.9999999999999978e-02
1.6087005133461343e-01 -2.0006832301096451e+00 -6.1778416161192883e-03 3.5970157565003606e-06 4.9688630066813694e-05 3.4505564555201542e-03 4.2898680355896904e-02 9.9999999999999978e-02 -9.9999999999999936e-02
2.4130507700192017e-01 -2.0014286120288998e+00 -9.2674418965114063e-03 1.3189248090705581e-05 1.2919335994654175e-04 7.7637520249203493e-03 6.4348020533845349e-02 9.9999999999999978e-02 -9.9999999999999978e-02
3.2174010266922687e-01 -2.0024224880269510e+00 -1.2357425941334039e-02 3.2374250638774579e-05 2.4845508454417783e-04 1.3802225822080620e-02 8.5797360711793794e-02 9.9999999999999978e-02 -9.9999999999999978e-02
4.0217512833653357e-01 -2.0036648581079541e+00 -1.5447665868176102e-02 6.4350043818573328e-05 4.0747545014861155e-04 2.1565977847000966e-02 1.0724670088974225e-01 1.0000000000000001e-01 -9.9999999999999978e-02
4.8261015400384033e-01 -2.0051557119867471e+00 -1.8538033762850556e-02 1.1231464809496700e-04 6.0625445748673846e-04 3.1055008099681397e-02 1.2869604106769070e-01 9.9999999999999978e-02 -9.9999999999999978e-02
5.6304517967114698e-01 -2.0068950290875804e+00 -2.1628401684685612e-02 1.7946595157247397e-04 8.4479046087333363e-04 4.2269316580121896e-02 1.5014538124563917e-01 9.9999999999999978e-02 -9.9999999999999978e-02
6.4348020533845374e-01 -2.0088827785432559e+00 -2.4718641671817986e-02 2.6900157755383228e-04 1.1230801681454904e-03 5.5208903288322474e-02 1.7159472142358764e-01 9.9999999999999978e-02 -9.9999999999999978e-02
7.2391523100576050e-01 -2.0110129542810014e+00 -2.5173830448616683e-02 3.9070871070712198e-04 1.6049765757793232e-03 6.9732208716630897e-02 1.8952421420973584e-01 9.9999999999999978e-02 -6.7179900522823979e-02
8.0435025667306714e-01 -2.0126404112291163e+00 -1.2224367780584685e-02 5.9709898740588688e-04 3.1889628418729629e-03 8.4976593751167118e-02 1.8952421420973584e-01 1.0000000000000001e-01 9.9999999999999978e-02
8.8478528234037390e-01 -2.0132262894738733e+00 7.0822510091710957e-04 9.3772358716147071e-04 4.9368550900355922e-03 1.0022097878570335e-01 1.8952421420973586e-01 9.9999999999999978e-02 9.9999999999999936e-02
9.6522030800768066e-01 -2.0127705420067654e+00 1.3635800069341246e-02 1.4153438815449918e-03 6.7620481970384989e-03 1.1546536382023957e-01 1.8952421420973584e-01 9.9999999999999978e-02 9.9999999999999978e-02
1.0456553336749874e+00 -2.0112734720521863e+00 2.6557248260041001e-02 2.0361638465911779e-03 8.6641739788606842e-03 1.3070974885477582e-01 1.8952421420973586e-01 9.9999999999999964e-02 9.9999999999999978e-02
1.1260903593422940e+00 -2.0087354723026776e+00 3.9471462804688252e-02 2.8063567199873704e-03 1.0642821975517238e-02 1.4595413388931203e-01 1.8952421420973584e-01 9.9999999999999936e-02 9.9999999999999978e-02
1.2065253850096007e+00 -2.0051570248005577e+00 5.2377339010086808e-02 3.7320616036043588e-03 1.2697539541096727e-02 1.6119851892384823e-01 1.8952421420973575e-01 9.9999999999999978e-02 9.9999999999999964e-02
1.2869604106769075e+00 -2.0005387008050959e+00 6.5273774536446671e-02 4.8193800736109462e-03 1.4827831944611583e-02 1.7644290395838449e-01 1.8952421420973584e-01 9.9999999999999978e-02 9.9999999999999978e-02
1.3673954363442142e+00 -1.9948811606452663e+00 7.8159669575081303e-02 6.0743727990412522e-03 1.7033162481638421e-02 1.9168728899292070e-01 1.8952421420973575e-01 9.9999999999999978e-02 9.9999999999999936e-02
1.4478304620115210e+00 -1.9881851535581254e+00 9.1033927025489625e-02 7.5030561696818035e-03 1.9312952596722686e-02 2.0693167402745694e-01 1.8952421420973584e-01 1.0000000000000001e-01 9.9999999999999978e-02
1.5282654876788275e+00 -1.9804515175128388e+00 1.0389545267178511e-01 9.1113989341433388e-03 2.1666582016519356e-02 2.2217605906199314e-01 1.8952421420973575e-01 9.9999999999999978e-02 9.9999999999999978e-02
1.6087005133461343e+00 -1.9716811790204098e+00 1.1674315535843401e-01 1.0905318848979866e-02 2.4093388893639069e-02 2.3742044409652938e-01 1.8952421420973584e-01 9.9999999999999978e-02 9.9999999999999978e-02
1.6891355390134410e+00 -1.9618751529291494e+00 1.2957594716526491e-01 1.2890679339715019e-02 2.6592669961166410e-02 2.5266482913106564e-01 1.8952421420973575e-01 9.9999999999999964e-02 9.9999999999999978e-02
1.7695705646807478e+00 -1.9510345422059379e+00 1.4239274358171303e-01 1.5073286174632947e-02 2.9163680697814515e-02 2.6790921416560182e-01 1.8952421420973584e-01 9.9999999999999978e-02 9.9999999999999978e-02
1.8500055903480546e+00 -1.9391605377033281e+00 1.5519246368026088e-01 1.7458884152188027e-02 3.1805635503677820e-02 2.8315359920013811e-01 1.8952421420973581e-01 1.0000000000000001e-01 9.9999999999999936e-02
1.9304406160153613e+00 -1.9262544179125454e+00 1.6797403028903921e-01 2.0053153802884565e-02 3.4517707886542091e-02 2.9839798423467445e-01 1.8952421420973584e-01 1.0000000000000001e-01 9.9999999999999978e-02
2.0108756416826679e+00 -1.9123175487024442e+00 1.8073637016355060e-01 2.2861708106474227e-02 3.7299030658708453e-02 3.1364236926921069e-01 1.8952421420973581e-01 9.9999999999999978e-02 9.9999999999999978e-02
2.0913106673499748e+00 -1.8973513830444719e+00 1.9347841415748004e-01 2.5890089225315452e-02 4.0148696144285671e-02 3.2888675430374692e-01 1.8952421420973584e-01 9.9999999999999978e-02 9.9999999999999978e-02
2.1717456930172814e+00 -1.8813574607237176e+00 2.0619909739255451e-01 2.9143765254735259e-02 4.3065756396902528e-02 3.4413113933828321e-01 1.8952421420973581e-01 9.9999999999999978e-02 9.9999999999999936e-02
2.2521807186845879e+00 -1.8643374080360984e+00 2.1889735942741739e-01 3.2628126991229946e-02 4.6049223427789290e-02 3.5937552437281939e-01 1.8952421420973584e-01 9.9999999999999978e-02 9.9999999999999978e-02
2.3326157443518949e+00 -1.8462929374717616e+00 2.3157214442547963e-01 3.6348484719337042e-02 4.9098069444175586e-02 3.7461990940735573e-01 1.8952421420973581e-01 9.9999999999999978e-02 9.9999999999999964e-02
2.4130507700192014e+00 -1.8272258473847682e+00 2.4422240132171322e-01 4.0310065018006484e-02 5.2211227097948565e-02 3.8986429444189197e-01 1.8952421420973584e-01 9.9999999999999978e-02 9.9999999999999978e-02
2.4934857956865084e+00 -1.8071534324698031e+00 2.5646389717304480e-01 4.4511537607841004e-02 5.5226715065858613e-02 4.0508639429340387e-01 1.8897009781978408e-01 9.4833254679587378e-02 9.9999999999999978e-02
2.5739208213538149e+00 -1.7864324507213223e+00 2.6024124694254364e-01 4.8802701702796526e-02 5.4604867113327210e-02 4.1976984820987917e-01 1.7613089629711612e-01 -1.9716517302174177e-02 9.9999999999999978e-02
2.6543558470211215e+00 -1.7654025727992475e+00 2.6406064718433131e-01 5.3036845024916332e-02 5.3967145375226899e-02 4.3342114475234461e-01 1.6330572174859775e-01 -1.9585725641141923e-02 9.9999999999999978e-02
2.7347908726884285e+00 -1.7440648467315596e+00 2.6788137975927345e-01 5.7219086296628335e-02 5.3363636845984996e-02 4.4604165156043468e-01 1.5050052629788421e-01 -1.9399434616438876e-02 9.9999999999999978e-02
2.8152258983557350e+00 -1.7224173784457917e+00 2.7174643500392365e-01 6.1352720045824635e-02 5.2807775080881560e-02 4.5763537630274054e-01 1.3777500158619232e-01 -1.8656561051464640e-02 9.9999999999999978e-02
2.8956609240230420e+00 -1.7004550363943276e+00 2.7569331931068253e-01 6.5442062044214613e-02 5.2311603904967266e-02 4.6821082869274600e-01 1.2518139837189915e-01 -1.7426485941421592e-02 1.0000000000000001e-01
2.9760959496903485e+00 -1.6781737338094163e+00 2.7965820823173654e-01 6.9490311086334827e-02 5.1835858640315383e-02 4.7777462384645825e-01 1.1262035712874809e-01 -1.7122868479327709e-02 9.9999999999999978e-02
3.0565309753576551e+00 -1.6555687943800947e+00 2.8371960186636713e-01 7.3500383149617002e-02 5.1413256723187375e-02 4.8633391625949129e-01 1.0020464894348441e-01 -1.5767740007480446e-02 9.9999999999999978e-02
3.1369660010249620e+00 -1.6326370930569614e+00 2.8776097545757445e-01 7.7473771685185808e-02 5.0974890519223659e-02 4.9389315535602596e-01 8.7754241697047694e-02 -1.6091284329917244e-02 9.9999999999999978e-02
3.2174010266922686e+00 -1.6093727906677557e+00 2.9196613494624346e-01 8.1412798914708304e-02 5.0611278607263596e-02 5.0046050845584034e-01 7.5541612200676650e-02 -1.3874174170882667e-02 9.9999999999999978e-02
3.2978360523595756e+00 -1.5857687528409077e+00 2.9618423424668572e-01 8.5319896747262064e-02 5.0233135696062393e-02 5.0604573348913462e-01 6.3333833836887343e-02 -1.3828940774036487e-02 1.0000000000000001e-01
3.3782710780268821e+00 -1.5618191820855627e+00 3.0053167812110010e-01 8.9196030715122818e-02 4.9895639927749598e-02 5.1065608715248900e-01 5.1301640575062521e-02 -1.2191733284129733e-02 9.9999999999999978e-02
3.4587061036941886e+00 -1.5375150241516127e+00 3.0497442373892847e-01 9.3043388116556089e-02 4.9572066029057296e-02 5.1430341696543247e-01 3.9388448293171591e-02 -1.1082132905314998e-02 9.9999999999999978e-02
3.5391411293614956e+00 -1.5128491910919499e+00 3.0949669912293465e-01 9.6862292551386758e-02 4.9244281917608809e-02 5.1699607417552040e-01 2.7563907045787022e-02 -1.0255524405744709e-02 9.9999999999999978e-02
3.6195761550288021e+00 -1.4878142591092456e+00 3.1412326068378726e-01 1.0065255971755781e-01 4.8917362085609643e-02 5.1874247736353840e-01 1.5860041004940283e-02 -9.1303130422557104e-03 9.9999999999999978e-02
3.7000111806961091e+00 -1.4623991807455852e+00 3.1891975620396396e-01 1.0441536370095832e-01 4.8619800619429832e-02 5.1955615713065195e-01 4.3719353104372839e-03 -7.1184996759355032e-03 9.9999999999999978e-02
3.7804462063634157e+00 -1.4365967061628300e+00 3.2372581560285879e-01 1.0814892891171549e-01 4.8250076067073766e-02 5.1944432044611799e-01 -7.1527309552629342e-03 -7.4594012691209808e-03 9.9999999999999978e-02
3.8608812320307226e+00 -1.4103966588641783e+00 3.2877466754354628e-01 1.1185233461101957e-01 4.7931811374612103e-02 5.1841815991090379e-01 -1.8362534980234189e-02 -4.5235324907177557e-03 9.9999999999999978e-02
3.9413162576980292e+00 -1.3837881799363718e+00 3.3385121609466339e-01 1.1552438756099591e-01 4.7532548891892665e-02 5.1648952205738663e-01 -2.9592639709311912e-02 -4.7128222678210563e-03 9.9999999999999978e-02
4.0217512833653357e+00 -1.3567634194227678e+00 3.3909416564270323e-01 1.1916118982324304e-01 4.7120479149060444e-02 5.1366503440785383e-01 -4.0637651786227705e-02 -2.9869635642304558e-03 9.9999999999999978e-02
4.1021863090326427e+00 -1.3293091642320516e+00 3.4450029963387963e-01 1.2276122687665304e-01 4.6683927418374488e-02 5.0995918236001903e-01 -5.1507580147014537e-02 -1.3544311443384508e-03 9.9999999999999978e-02
4.1826213346999497e+00 -1.3014154524188277e+00 3.4999071289633982e-01 1.2632021714248742e-01 4.6167529034037792e-02 5.0538094401251832e-01 -6.2329353689171182e-02 -9.0542135447374615e-04 9.9999999999999964e-02
4.2630563603672558e+00 -1.2730713093576862e+00 3.5567006893684017e-01 1.2983356341261945e-01 4.5618770860163096e-02 4.9994036936007125e-01 -7.2949391044510314e-02 9.7562659519611142e-04 9.9999999999999978e-02
4.3434913860345628e+00 -1.2442643179519446e+00 3.6147032017589359e-01 1.3329667893981434e-01 4.4989408712297896e-02 4.9364931554111552e-01 -8.3476339332620733e-02 1.8436166261848309e-03 9.9999999999999978e-02
4.4239264117018697e+00 -1.2149835557534947e+00 3.6742171491129505e-01 1.3670318966105452e-01 4.4284583423904199e-02 4.8651688202334342e-01 -9.3870120337150226e-02 3.0853078155283799e-03 9.9999999999999978e-02
4.5043614373691758e+00 -1.1852174655664869e+00 3.7351068106793511e-01 1.4004623408009095e-01 4.3486166589196462e-02 4.7855276230256449e-01 -1.0415604189023091e-01 4.0910212832056397e-03 9.9999999999999978e-02
4.5847964630364828e+00 -1.1549536737966641e+00 3.7977108187191289e-01 1.4331846438391763e-01 4.2600575729525365e-02 4.6976748584534145e-01 -1.1428800992273197e-01 5.5265295021291435e-03 9.9999999999999978e-02
4.6652314887037898e+00 -1.1241808682616115e+00 3.8614295708612950e-01 1.4651111415893736e-01 4.1585946494425013e-02 4.6016965519578579e-01 -1.2436003102534572e-01 6.0854924295659051e-03 9.9999999999999936e-02
4.7456665143710959e+00 -1.0928875717385544e+00 3.9269049466967126e-01 1.4961456492700373e-01 4.0463389710621807e-02 4.4976777884601593e-01 -1.3428043719043273e-01 7.4991950075372947e-03 9.9999999999999978e-02
4.8261015400384029e+00 -1.0610619410583264e+00 3.9935926610907291e-01 1.5261856576171554e-01 3.9195298406747917e-02 4.3857067922932752e-01 -1.4413309034423927e-01 8.1309441496404018e-03 9.9999999999999978e-02
4.9065365657057098e+00 -1.0286928227768948e+00 4.0618635804833941e-01 1.5551158756286915e-01 3.7788317225095534e-02 4.2658588510932066e-01 -1.5386629538551092e-01 9.2447137252443558e-03 9.9999999999999978e-02
4.9869715913730168e+00 -9.9576853204228954e-01 4.1314857113869219e-01 1.5828152821877248e-01 3.6220856937975589e-02 4.1382154824525813e-01 -1.6351625675932593e-01 1.0020902333062255e-02 9.9999999999999978e-02
5.0674066170403229e+00 -9.6227806689525075e-01 4.2025211070640167e-01 1.6091507572289196e-01 3.4484894083412675e-02 4.0028465691581838e-01 -1.7307569972069586e-01 1.0864922817553474e-02 9.9999999999999978e-02
5.1478416427076299e+00 -9.2821042280364729e-01 4.2749129077055159e-01 1.6339808226842861e-01 3.2567372842148563e-02 3.8598211905786967e-01 -1.8255389669682431e-01 1.1622484444787227e-02 9.9999999999999936e-02
5.2282766683749369e+00 -8.9355529772363074e-01 4.3485454901356285e-01 1.6571526391033414e-01 3.0453175547102602e-02 3.7091978483919230e-01 -1.9196787646646810e-01 1.2221264695852579e-02 9.9999999999999978e-02
5.3087116940422430e+00 -8.5830321777596963e-01 4.4233318879218375e-01 1.6785019674511539e-01 2.8129000669261949e-02 3.5510233690609688e-01 -2.0132964042670887e-01 1.2708140366337592e-02 9.9999999999999978e-02
5.3891467197095499e+00 -8.2244495257966432e-01 4.4993021326796412e-01 1.6978558786744197e-01 2.5586391325771896e-02 3.3853419649867900e-01 -2.1063368699103815e-01 1.3246314458711238e-02 9.9999999999999978e-02
5.4695817453768569e+00 -7.8597101420745918e-01 4.5764931841120171e-01 1.7150347239013172e-01 2.2816981389574290e-02 3.2122029064254815e-01 -2.1987294149551917e-01 1.3850454812780893e-02 9.9999999999999964e-02
5.5500167710441639e+00 -7.4887185769664277e-01 4.6548842810310659e-01 1.7298512308013361e-01 1.9810217967227726e-02 3.0316581069604220e-01 -2.2904790602635555e-01 1.4449913566395139e-02 9.9999999999999936e-02
5.6304517967114700e+00 -7.1113903742467310e-01 4.7342249863886232e-01 1.7421068317849775e-01 1.6548614796029974e-02 2.8437464784013128e-01 -2.3819040713423897e-01 1.4752612135989199e-02 9.9999999999999978e-02
5.7108868223787770e+00 -6.7296798836725580e-01 4.7640742750756909e-01 1.7510204658507844e-01 1.1601272505460631e-02 2.6512373146127871e-01 -2.4047958070109793e-01 1.4296990100543451e-02 3.5641922372281740e-02
5.7913218480460840e+00 -6.3498462007238532e-01 4.6879318982701224e-01 1.7547382446210771e-01 3.7312037939715255e-03 2.4626932720357808e-01 -2.2833121661711142e-01 1.3274944433730854e-02 -9.9999999999999936e-02
5.8717568737133901e+00 -5.9762193164336652e-01 4.6106247368761738e-01 1.7521646912398559e-01 -4.0037481580709709e-03 2.2838768682013524e-01 -2.1629201151248456e-01 1.2257113782960209e-02 -9.9999999999999936e-02
5.9521918993806970e+00 -5.6109168717892233e-01 4.4823821352872067e-01 1.7430462219344739e-01 -1.2641031592116207e-02 2.1119849660047202e-01 -2.1111358889748480e-01 -5.1714853957852337e-02 -9.9999999999999978e-02
6.0326269250480040e+00 -5.2575530614774191e-01 4.3152371989511257e-01 1.7268413289730936e-01 -2.1724415082878867e-02 1.9421756965878573e-01 -2.1111358889748477e-01 -9.9999999999999978e-02 -9.9999999999999978e-02
6.1130619507153101e+00 -4.9177448540114332e-01 4.1470056286582224e-01 1.7035815903911772e-01 -3.0348704829298669e-02 1.7723664271709935e-01 -2.1111358889748474e-01 -9.9999999999999936e-02 -9.9999999999999978e-02
6.1934969763826171e+00 -4.5915835958949330e-01 3.9776588808766211e-01 1.6736672196143718e-01 -3.8487191410469655e-02 1.6025571577541303e-01 -2.1111358889748477e-01 -9.9999999999999978e-02 -1.0000000000000001e-01
6.2739320020499241e+00 -4.2791513153235705e-01 3.8072839238434647e-01 1.6374904540778898e-01 -4.6137671363063182e-02 1.4327478883372669e-01 -2.1111358889748472e-01 -9.9999999999999978e-02 -9.9999999999999978e-02
6.3543670277172311e+00 -3.9805230147563192e-01 3.6359680255608251e-01 1.5954451822702187e-01 -5.3298131010209991e-02 1.2629386189204039e-01 -2.1111358889748477e-01 -9.9999999999999978e-02 -9.9999999999999978e-02
6.4348020533845371e+00 -3.6957666494055597e-01 3.4637987270536597e-01 1.5479267906855723e-01 -5.9966747042298936e-02 1.0931293495035399e-01 -2.1111358889748472e-01 -9.9999999999999978e-02 -9.9999999999999964e-02
6.5152370790518441e+00 -3.4249431078862169e-01 3.2908638155487119e-01 1.4953320103457970e-01 -6.6141887041132871e-02 9.2332008008667685e-02 -2.1111358889748477e-01 -9.9999999999999978e-02 -9.9999999999999978e-02
6.5956721047191511e+00 -3.1681061950295336e-01 3.1172512975821492e-01 1.4380587629380567e-01 -7.1822109945607351e-02 7.5351081066981351e-02 -2.1111358889748472e-01 -9.9999999999999978e-02 -9.9999999999999964e-02
6.6761071303864572e+00 -2.9253026168664448e-01 2.9430493720437612e-01 1.3765060066137449e-01 -7.7006166462984874e-02 5.8370154125295025e-02 -2.1111358889748477e-01 -9.9999999999999936e-02 -9.9999999999999964e-02
6.7565421560537642e+00 -2.6965719677848904e-01 2.7683464031655630e-01 1.3110735814947161e-01 -8.1692999420036674e-02 4.1389227183608684e-02 -2.1111358889748472e-01 -9.9999999999999978e-02 -9.9999999999999978e-02
6.8369771817210712e+00 -2.4819467198647491e-01 2.5932308934626513e-01 1.2421620549335877e-01 -8.5881744058157627e-02 2.4408300241922358e-02 -2.1111358889748477e-01 -9.9999999999999978e-02 -9.9999999999999978e-02
6.9174122073883773e+00 -2.2814522143934746e-01 2.4177914566341419e-01 1.1701725665739031e-01 -8.9571728270686546e-02 7.4273733002360159e-03 -2.1111358889748466e-01 -9.9999999999999936e-02 -9.9999999999999978e-02
6.9978472330556842e+00 -2.0951066555648498e-01 2.2421167904322553e-01 1.0955066732565961e-01 -9.2762472782644184e-02 -9.5535536414503106e-03 -2.1111358889748472e-01 -9.9999999999999936e-02 -9.9999999999999978e-02
7.0782822587229912e+00 -1.9229211063626675e-01 2.0662956495070745e-01 1.0185661938190971e-01 -9.5453691272837163e-02 -2.6534480583136649e-02 -2.1111358889748472e-01 -9.9999999999999978e-02 -9.9999999999999978e-02
7.1587172843902982e+00 -1.7648994866304940e-01 1.8904168182352321e-01 9.3975305383347335e-02 -9.7645290438293106e-02 -4.3515407524822976e-02 -2.1111358889748472e-01 -9.9999999999999936e-02 -9.9999999999999978e-02
7.2391523100576043e+00 -1.6210385733280416e-01 1.7145690835402455e-01 8.5946913033000644e-02 -9.9337370001008563e-02 -6.0496334466509302e-02 -2.1111358889748472e-01 -9.9999999999999978e-02 -9.9999999999999978e-02
7.3195873357249113e+00 -1.4913280029740389e-01 1.5388412077124408e-01 7.7811609655261044e-02 -1.0053022265700870e-01 -7.7477261408195622e-02 -2.1111358889748466e-01 -9.9999999999999978e-02 -9.9999999999999978e-02
7.4000223613922183e+00 -1.3757502762748536e-01 1.3633219012363640e-01 6.9609526679248940e-02 -1.0122433396773366e-01 -9.4458188349881955e-02 -2.1111358889748466e-01 -9.9999999999999936e-02 -9.9999999999999978e-02
7.4804573870595243e+00 -1.2742807649374860e-01 1.1880997956335849e-01 6.1380744134640897e-02 -1.0142038219378359e-01 -1.1143911529156827e-01 -2.1111358889748466e-01 -9.9999999999999978e-02 -1.0000000000000001e-01
7.5608924127268313e+00 -1.1868877206649171e-01 1.0132634163287899e-01 5.3165275164591727e-02 -1.0111923807107141e-01 -1.2842004223325459e-01 -2.1111358889748461e-01 -9.9999999999999978e-02 -9.9999999999999978e-02
7.6413274383941383e+00 -1.1135322863311577e-01 8.3890115554704395e-02 4.5003050560380391e-02 -1.0032196452944815e-01 -1.4540096917494089e-01 -2.1111358889748466e-01 -1.0000000000000001e-01 -9.9999999999999978e-02
7.7217624640614453e+00 -1.0541685093327172e-01 6.6510124525011677e-02 3.6933903322402074e-02 -9.9029816353883374e-02 -1.6238189611662723e-01 -2.1111358889748461e-01 -9.9999999999999978e-02 -9.9999999999999978e-02
7.8021974897287514e+00 -1.0087433571125727e-01 4.9195173011972834e-02 2.8997553252121128e-02 -9.7244239788299061e-02 -1.7936282305831353e-01 -2.1111358889748466e-01 -9.9999999999999978e-02 -9.9999999999999978e-02
7.8826325153960584e+00 -9.7719673485208144e-02 3.1954044059573798e-02 2.1233591579590590e-02 -9.4966872082172957e-02 -1.9634374999999982e-01 -2.1111358889748472e-01 -1.0000000000000001e-01 -9.9999999999999978e-02
