0.0000000000000000e+00 -2.0000000000000000e+00 0.0000000000000000e+00 0.0000000000000000e+00 0.0000000000000000e+00 0.0000000000000000e+00 0.0000000000000000e+00 0.0000000000000000e+00 0.0000000000000000e+00
4.0217512833653359e-02 -2.0000621100161995e+00 -1.5443524928122892e-03 0.0000000000000000e+00 0.0000000000000000e+00 0.0000000000000000e+00 0.0000000000000000e+00 9.9999999999999978e-02 -9.9999999999999978e-02
1.2065253850096007e-01 -2.0004347778287035e+00 -4.6331533981952139e-03 1.5986626391016265e-06 1.9875205066461579e-05 1.7252782277600775e-03 2.1449340177948452e-02 9.9999999999999978e-02 -9.9999999999999936e-02
2.0108756416826679e-01 -2.0010559191399664e+00 -7.7222740480211100e-03 7.9934124790327408e-06 7.9502055045537395e-05 5.1758346832802334e-03 4.2898680355896904e-02 9.9999999999999978e-02 -9.9999999999999978e-02
2.8152258983557349e-01 -2.0019255493844375e+00 -1.0811586585025805e-02 2.2382005087532673e-05 1.7888466498650906e-04 1.0351669366560467e-02 6.4348020533845349e-02 9.9999999999999978e-02 -9.9999999999999978e-02
3.6195761550288019e-01 -2.0030436737100223e+00 -1.3900963122823124e-02 4.7962394672822858e-05 3.1802550410184657e-04 1.7252782277600773e-02 8.5797360711793794e-02 1.0000000000000001e-01 -9.9999999999999978e-02
4.4239264117018690e-01 -2.0044102869761642e+00 -1.6990275751195438e-02 8.7932601670534532e-05 4.9692539619537659e-04 2.5879173416401165e-02 1.0724670088974225e-01 9.9999999999999978e-02 -9.9999999999999978e-02
5.2282766683749360e-01 -2.0060253737523546e+00 -2.0079396541386036e-02 1.4549058037055271e-04 7.1558351877810044e-04 3.6230842782961625e-02 1.2869604106769070e-01 9.9999999999999978e-02 -9.9999999999999978e-02
6.0326269250480025e-01 -2.0078889083170659e+00 -2.3168197551393183e-02 2.2383408647821945e-04 9.7399740296856693e-04 4.8307790377282167e-02 1.5014538124563917e-01 9.9999999999999978e-02 -9.9999999999999978e-02
6.8369771817210712e-01 -2.0100008546571133e+00 -2.6256550831265560e-02 3.2616054467300400e-04 1.2721629333224138e-03 6.2110016199362780e-02 1.7159472142358764e-01 9.9999999999999978e-02 -6.7179900522823979e-02
7.6413274383941376e-01 -2.0121492366400289e+00 -2.6709533130527787e-02 4.6884683338681738e-04 1.7739322829831543e-03 7.7354401233899001e-02 1.8952421420973584e-01 1.0000000000000001e-01 9.9999999999999978e-02
8.4456776950672052e-01 -2.0132556422818628e+00 -1.3755271819148148e-02 7.3917555422007728e-04 3.3608334005062247e-03 9.2598786268435235e-02 1.8952421420973584e-01 9.9999999999999978e-02 9.9999999999999936e-02
9.2500279517402717e-01 -2.0133202404946320e+00 -8.0311048866275501e-04 1.1433911213988134e-03 5.0253675413823098e-03 1.0784317130297146e-01 1.8952421420973586e-01 9.9999999999999978e-02 9.9999999999999978e-02
1.0054378208413339e+00 -2.0123432898244888e+00 1.2145836493971215e-02 1.6877123184033428e-03 6.7672160540600433e-03 1.2308755633750769e-01 1.8952421420973584e-01 9.9999999999999964e-02 9.9999999999999978e-02
1.0858728465086407e+00 -2.0103251383550567e+00 2.5090455963544502e-02 2.3783288906007180e-03 8.5860179252492085e-03 1.3833194137204391e-01 1.8952421420973586e-01 9.9999999999999936e-02 9.9999999999999978e-02
1.1663078721759474e+00 -2.0072662235962708e+00 3.8029636136848982e-02 3.2213981441544803e-03 1.0481369857962676e-02 1.5357632640658012e-01 1.8952421420973584e-01 9.9999999999999978e-02 9.9999999999999964e-02
1.2467428978432540e+00 -2.0031670723587456e+00 5.0962266792581111e-02 4.2230415520832744e-03 1.2452826360393880e-02 1.6882071144111638e-01 1.8952421420973575e-01 9.9999999999999978e-02 9.9999999999999978e-02
1.3271779235105607e+00 -1.9980283006137025e+00 6.3887239450857072e-02 5.3893413683382555e-03 1.4499899845609574e-02 1.8406509647565258e-01 1.8952421420973584e-01 9.9999999999999978e-02 9.9999999999999936e-02
1.4076129491778673e+00 -1.9918506133384957e+00 7.6803447552301146e-02 6.7263372507673702e-03 1.6622060742035011e-02 1.9930948151018882e-01 1.8952421420973575e-01 1.0000000000000001e-01 9.9999999999999978e-02
1.4880479748451743e+00 -1.9846348043477666e+00 8.9709786636669009e-02 8.2400228938325683e-03 1.8818737614706173e-02 2.1455386654472502e-01 1.8952421420973584e-01 9.9999999999999978e-02 9.9999999999999978e-02
1.5684830005124808e+00 -1.9763817561102746e+00 1.0260515452096761e-01 9.9363426719437341e-03 2.1089317297261087e-02 2.2979825157926126e-01 1.8952421420973575e-01 9.9999999999999978e-02 9.9999999999999978e-02
1.6489180261797876e+00 -1.9670924395514418e+00 1.1548845147703331e-01 1.1821188294270700e-02 2.3433145034639787e-02 2.4504263661379749e-01 1.8952421420973584e-01 9.9999999999999964e-02 9.9999999999999978e-02
1.7293530518470943e+00 -1.9567679138416627e+00 1.2835858040853090e-01 1.3900395471892021e-02 2.5849524636459894e-02 2.6028702164833373e-01 1.8952421420973575e-01 9.9999999999999978e-02 9.9999999999999978e-02
1.8097880775144011e+00 -1.9454093261704246e+00 1.4121444702733468e-01 1.6179740598136361e-02 2.8337718641032298e-02 2.7553140668286996e-01 1.8952421420973584e-01 1.0000000000000001e-01 9.9999999999999936e-02
1.8902231031817078e+00 -1.9330179115062955e+00 1.5405496002925476e-01 1.8664937442969258e-02 3.0896948489978916e-02 2.9077579171740631e-01 1.8952421420973581e-01 1.0000000000000001e-01 9.9999999999999978e-02
1.9706581288490144e+00 -1.9195949923428328e+00 1.6687903126907028e-01 2.1361633862274788e-02 3.3526394713411956e-02 3.0602017675194254e-01 1.8952421420973584e-01 9.9999999999999978e-02 9.9999999999999978e-02
2.0510931545163209e+00 -1.9051419784304697e+00 1.7968557593483289e-01 2.4275408522878194e-02 3.6225197125631624e-02 3.2126456178647878e-01 1.8952421420973581e-01 9.9999999999999978e-02 9.9999999999999978e-02
2.1315281801836279e+00 -1.8896603664944471e+00 1.9247351272140212e-01 2.7411767644151843e-02 3.8992455031296891e-02 3.3650894682101506e-01 1.8952421420973584e-01 9.9999999999999978e-02 9.9999999999999936e-02
2.2119632058509344e+00 -1.8731517399388484e+00 2.0524176400317704e-01 3.0776141757043057e-02 4.1827227442021012e-02 3.5175333185555124e-01 1.8952421420973581e-01 9.9999999999999978e-02 9.9999999999999978e-02
2.2923982315182414e+00 -1.8556177685368100e+00 2.1798925600598590e-01 3.4373882481358302e-02 4.4728533303341741e-02 3.6699771689008759e-01 1.8952421420973584e-01 9.9999999999999978e-02 9.9999999999999964e-02
2.3728332571855484e+00 -1.8370602081069762e+00 2.3071491897809782e-01 3.8210259322133948e-02 4.7695351732012906e-02 3.8224210192462382e-01 1.8952421420973581e-01 9.9999999999999978e-02 9.9999999999999978e-02
2.4532682828528545e+00 -1.8174809001762726e+00 2.4341768736032038e-01 4.2290456485919323e-02 5.0726622263562324e-02 3.9748648695916000e-01 1.8952421420973584e-01 9.4833254679587378e-02 9.9999999999999978e-02
2.5337033085201615e+00 -1.7969125932703978e+00 2.5571331314296264e-01 4.6606629758886353e-02 5.3660370423962017e-02 4.1268630162764702e-01 1.8897009781978408e-01 -1.9716517302174177e-02 9.9999999999999978e-02
2.6141383341874680e+00 -1.7760361407218876e+00 2.5954430142368151e-01 5.0866420663192510e-02 5.2959402608965860e-02 4.2685339479211137e-01 1.7613089629711612e-01 -1.9585725641141923e-02 9.9999999999999978e-02
2.6945733598547750e+00 -1.7548519035987953e+00 2.6337080080997327e-01 5.5072933546924517e-02 5.2297029169415060e-02 4.3998889471257796e-01 1.6330572174859775e-01 -1.9399434616438876e-02 9.9999999999999978e-02
2.7750083855220815e+00 -1.7333597156667431e+00 2.6719936686890100e-01 5.9228922673792601e-02 5.1668897867297024e-02 4.5209440840829124e-01 1.5050052629788421e-01 -1.8656561051464640e-02 9.9999999999999978e-02
2.8554434111893880e+00 -1.7115559572574972e+00 2.7107293407256705e-01 6.3338219442817603e-02 5.1088400031161718e-02 4.6317634419718945e-01 1.3777500158619232e-01 -1.7426485941421592e-02 1.0000000000000001e-01
2.9358784368566950e+00 -1.6894339777881098e+00 2.7502918393566333e-01 6.7405601776224497e-02 5.0567303238853993e-02 4.7324531318830221e-01 1.2518139837189915e-01 -1.7122868479327709e-02 9.9999999999999978e-02
3.0163134625240016e+00 -1.6669922478022565e+00 2.7900444856426881e-01 7.1432669837532298e-02 5.0066100387187909e-02 4.8230393450461501e-01 1.1262035712874809e-01 -1.5767740007480446e-02 9.9999999999999978e-02
3.0967484881913085e+00 -1.6442229644875643e+00 2.8307672097215153e-01 7.5423688371534861e-02 4.9617918264870296e-02 4.9036389801436742e-01 1.0020464894348441e-01 -1.6091284329917244e-02 9.9999999999999978e-02
3.1771835138586151e+00 -1.6211276629270912e+00 2.8712990848141551e-01 7.9377339167793076e-02 4.9153347898618686e-02 4.9742241269768472e-01 8.7754241697047694e-02 -1.3874174170882667e-02 9.9999999999999978e-02
3.2576185395259216e+00 -1.5976931657135407e+00 2.9134692283546199e-01 8.3299644967731012e-02 4.8763654418261304e-02 5.0349860421399517e-01 7.5541612200676650e-02 -1.3828940774036487e-02 1.0000000000000001e-01
3.3380535651932286e+00 -1.5739183334552969e+00 2.9557810243219257e-01 8.7189352175985210e-02 4.8358375973457247e-02 5.0859286276427396e-01 6.3333833836887343e-02 -1.2191733284129733e-02 9.9999999999999978e-02
3.4184885908605356e+00 -1.5497927573130568e+00 2.9993868890488196e-01 9.1049722914841771e-02 4.7993653382220787e-02 5.1271931154070416e-01 5.1301640575062521e-02 -1.1082132905314998e-02 9.9999999999999978e-02
3.4989236165278417e+00 -1.5253087079218559e+00 3.0439536990980398e-01 9.4881810011381282e-02 4.7642019926873024e-02 5.1588752239016089e-01 3.9388448293171591e-02 -1.0255524405744709e-02 9.9999999999999978e-02
3.5793586421951487e+00 -1.5004597524886902e+00 3.0893202590891505e-01 9.8685225080091324e-02 4.7285557960530793e-02 5.1810462596087992e-01 2.7563907045787022e-02 -9.1303130422557104e-03 9.9999999999999978e-02
3.6597936678624552e+00 -1.4752374850862431e+00 3.1357318772372722e-01 1.0245999624557674e-01 4.6929445636102428e-02 5.1938032876619655e-01 1.5860041004940283e-02 -7.1184996759355032e-03 9.9999999999999978e-02
3.7402286935297622e+00 -1.4496282135237846e+00 3.1838457626796673e-01 1.0620843085826319e-01 4.6602019189838112e-02 5.1973198549510691e-01 4.3719353104372839e-03 -7.4594012691209808e-03 9.9999999999999978e-02
3.8206637191970692e+00 -1.4236311147989771e+00 3.2320619655551347e-01 1.0992463637192085e-01 4.6201334538592723e-02 5.1915665539712974e-01 -7.1527309552629342e-03 -4.5235324907177557e-03 9.9999999999999978e-02
3.9010987448643752e+00 -1.3972267116340102e+00 3.2826996635520078e-01 1.1361274666591996e-01 4.5852043377058983e-02 5.1767966442467761e-01 -1.8362534980234189e-02 -4.7128222678210563e-03 9.9999999999999978e-02
3.9815337705316822e+00 -1.3704126977527862e+00 3.3336240843706155e-01 1.1726612134833780e-01 4.5420196683847537e-02 5.1529937969009598e-01 -2.9592639709311912e-02 -2.9869635642304558e-03 9.9999999999999978e-02
4.0619687961989888e+00 -1.3431757487046749e+00 3.3862050546182848e-01 1.2088371542657923e-01 4.4975358034803833e-02 5.1203068912561200e-01 -4.0637651786227705e-02 -1.3544311443384508e-03 9.9999999999999978e-02
4.1424038218662957e+00 -1.3155027259251377e+00 3.4404194630049623e-01 1.2446347395106294e-01 4.4504971455434320e-02 5.0788767559442582e-01 -5.1507580147014537e-02 -9.0542135447374615e-04 9.9999999999999964e-02
4.2228388475336027e+00 -1.2873868497706518e+00 3.4954767426980993e-01 1.2799888991009536e-01 4.3953687270842416e-02 5.0287421243061103e-01 -6.2329353689171182e-02 9.7562659519611142e-04 9.9999999999999978e-02
4.3032738732009097e+00 -1.2588129788609115e+00 3.5524164595709579e-01 1.3148731681754902e-01 4.3369500747454527e-02 4.9700652628953157e-01 -7.2949391044510314e-02 1.8436166261848309e-03 9.9999999999999978e-02
4.3837088988682158e+00 -1.2297713946008697e+00 3.6105644300907308e-01 1.3492217385887065e-01 4.2703499022594009e-02 4.9029210479269936e-01 -8.3476339332620733e-02 3.0853078155283799e-03 9.9999999999999978e-02
4.4641439245355219e+00 -1.2002499954022263e+00 3.6702169178158872e-01 1.3829732861720356e-01 4.1961256676941935e-02 4.8274165925398738e-01 -9.3870120337150226e-02 4.0910212832056397e-03 9.9999999999999978e-02
4.5445789502028289e+00 -1.1702377648246389e+00 3.7312390128397371e-01 1.4160517518279442e-01 4.1124454670641443e-02 4.7436386535114161e-01 -1.0415604189023091e-01 5.5265295021291435e-03 9.9999999999999978e-02
4.6250139758701359e+00 -1.1397209809173381e+00 3.7939670752459614e-01 1.4483863082209819e-01 4.0199597270649708e-02 4.6517110633954117e-01 -1.1428800992273197e-01 6.0854924295659051e-03 9.9999999999999936e-02
4.7054490015374428e+00 -1.1086907370474917e+00 3.8578024449956555e-01 1.4798722803202369e-01 3.9144603821210107e-02 4.5516820405203073e-01 -1.2436003102534572e-01 7.4991950075372947e-03 9.9999999999999978e-02
4.7858840272047489e+00 -1.0771330066294431e+00 3.9233816558521767e-01 1.5104222834502326e-01 3.7980970174283563e-02 4.4436735364000107e-01 -1.3428043719043273e-01 8.1309441496404018e-03 9.9999999999999978e-02
4.8663190528720559e+00 -1.0450381179134272e+00 3.9901632962743339e-01 1.5399183542990671e-01 3.6670679993157526e-02 4.3277400481865413e-01 -1.4413309034423927e-01 9.2447137252443558e-03 9.9999999999999978e-02
4.9467540785393629e+00 -1.0123934548370581e+00 4.0585134157175201e-01 1.5682481544002352e-01 3.5220726126193244e-02 4.2039776539998730e-01 -1.5386629538551092e-01 1.0020902333062255e-02 9.9999999999999978e-02
5.0271891042066699e+00 -9.7918825935581555e-01 4.1282010176621114e-01 1.5952817905252514e-01 3.3609283883497737e-02 4.0724533109052902e-01 -1.6351625675932593e-01 1.0864922817553474e-02 9.9999999999999978e-02
5.1076241298739768e+00 -9.4541129622361619e-01 4.1992854297522281e-01 1.6208830353319112e-01 3.1828478432044775e-02 3.9332398274110764e-01 -1.7307569972069586e-01 1.1622484444787227e-02 9.9999999999999936e-02
5.1880591555412829e+00 -9.1105179500034339e-01 4.2717088653919100e-01 1.6449051293194303e-01 2.9865215796619219e-02 3.7864025537463164e-01 -1.8255389669682431e-01 1.2221264695852579e-02 9.9999999999999978e-02
5.2684941812085890e+00 -8.7609992814668958e-01 4.3453540995996964e-01 1.6671891829970151e-01 2.7704415454673507e-02 3.6319931430375285e-01 -1.9196787646646810e-01 1.2708140366337592e-02 9.9999999999999978e-02
5.3489292068758960e+00 -8.4054658263853999e-01 4.4201323009958182e-01 1.6875656684593088e-01 2.5332851314571879e-02 3.4700535950844080e-01 -2.0132964042670887e-01 1.3246314458711238e-02 9.9999999999999978e-02
5.4293642325432030e+00 -8.0438241701760638e-01 4.4960718692335544e-01 1.7058583014827128e-01 2.2742123704084349e-02 3.3006303348891730e-01 -2.1063368699103815e-01 1.3850454812780893e-02 9.9999999999999964e-02
5.5097992582105100e+00 -7.6759780065499961e-01 4.5732087555549145e-01 1.7218840538479915e-01 1.9923848107608100e-02 3.1237754779617860e-01 -2.1987294149551917e-01 1.4449913566395139e-02 9.9999999999999936e-02
5.5902342838778170e+00 -7.3018327799571336e-01 4.6515211934923312e-01 1.7354513905055924e-01 1.6867448667165032e-02 2.9395407359590564e-01 -2.2904790602635555e-01 1.4752612135989199e-02 9.9999999999999978e-02
5.6706693095451230e+00 -6.9213141823627478e-01 4.7307574584206025e-01 1.7463547225920337e-01 1.3555452985749374e-02 2.7479522208435669e-01 -2.3819040713423897e-01 1.4296990100543451e-02 3.5641922372281740e-02
5.7511043352124300e+00 -6.5384053071346437e-01 4.7604743338732469e-01 1.7532376472563871e-01 8.5571237004032352e-03 2.5545224083820045e-01 -2.4047958070109793e-01 1.3274944433730854e-02 -9.9999999999999936e-02
5.8315393608797370e+00 -6.1616489045149692e-01 4.6839843649736096e-01 1.7537748991691551e-01 6.6793278089409026e-04 2.3708641356895530e-01 -2.2833121661711142e-01 1.2257113782960209e-02 -9.9999999999999936e-02
5.9119743865470431e+00 -5.7911689713559822e-01 4.6059528180500375e-01 1.7481301304373392e-01 -7.0177992937722660e-03 2.1968896007131522e-01 -2.1629201151248456e-01 -5.1714853957852337e-02 -9.9999999999999978e-02
5.9924094122143501e+00 -5.4310607847900727e-01 4.4770071691779734e-01 1.7355783483970866e-01 -1.5604871056585571e-02 2.0270803312962893e-01 -2.1111358889748480e-01 -9.9999999999999978e-02 -9.9999999999999978e-02
6.0728444378816562e+00 -5.0844634296709312e-01 4.3090351776904900e-01 1.7157870846507481e-01 -2.4605280575471757e-02 1.8572710618794255e-01 -2.1111358889748477e-01 -9.9999999999999936e-02 -9.9999999999999978e-02
6.1532794635489632e+00 -4.7514694273225128e-01 4.1399129245694749e-01 1.6891458107591900e-01 -3.3121483670307171e-02 1.6874617924625623e-01 -2.1111358889748474e-01 -9.9999999999999978e-02 -1.0000000000000001e-01
6.2337144892162701e+00 -4.4321643096343982e-01 3.9697273052237081e-01 1.6560458779794787e-01 -4.1151143429302775e-02 1.5176525230456989e-01 -2.1111358889748477e-01 -9.9999999999999978e-02 -9.9999999999999978e-02
6.3141495148835771e+00 -4.1266265943252306e-01 3.7985655225959314e-01 1.6168803649493471e-01 -4.8692112304605344e-02 1.3478432536288359e-01 -2.1111358889748472e-01 -9.9999999999999978e-02 -9.9999999999999978e-02
6.3945845405508841e+00 -3.8349277623556982e-01 3.6265150604396051e-01 1.5720439248732335e-01 -5.5742432732713065e-02 1.1780339842119721e-01 -2.1111358889748477e-01 -9.9999999999999978e-02 -9.9999999999999964e-02
6.4750195662181902e+00 -3.5571322374975328e-01 3.4536636565144618e-01 1.5219326322549853e-01 -6.2300337698358882e-02 1.0082247147951090e-01 -2.1111358889748472e-01 -9.9999999999999978e-02 -9.9999999999999978e-02
6.5554545918854972e+00 -3.2932973680644340e-01 3.2800992757086445e-01 1.4669438292228321e-01 -6.8364251240015744e-02 8.3841544537824567e-02 -2.1111358889748477e-01 -9.9999999999999978e-02 -9.9999999999999964e-02
6.6358896175528033e+00 -3.0434734108101774e-01 3.1059100830952491e-01 1.4074759714937002e-01 -7.3932788901084887e-02 6.6860617596138233e-02 -2.1111358889748472e-01 -9.9999999999999936e-02 -9.9999999999999964e-02
6.7163246432201102e+00 -2.8077035169985859e-01 2.9311844169311141e-01 1.3439284740206658e-01 -7.9004758121027641e-02 4.9879690654451900e-02 -2.1111358889748477e-01 -9.9999999999999978e-02 -9.9999999999999978e-02
6.7967596688874172e+00 -2.5860237206493453e-01 2.7560107616056945e-01 1.2767015563719425e-01 -8.3579158570534828e-02 3.2898763712765566e-02 -2.1111358889748472e-01 -9.9999999999999978e-02 -9.9999999999999978e-02
6.8771946945547233e+00 -2.3784629289630629e-01 2.5804777205478574e-01 1.2061960878864915e-01 -8.7655182428954329e-02 1.5917836771079229e-02 -2.1111358889748477e-01 -9.9999999999999936e-02 -9.9999999999999978e-02
6.9576297202220303e+00 -2.1850429149283185e-01 2.4046739890986571e-01 1.1328134326527703e-01 -9.1232214604177506e-02 -1.0630901706071016e-03 -2.1111358889748466e-01 -9.9999999999999936e-02 -9.9999999999999978e-02
7.0380647458893373e+00 -2.0057783121128045e-01 2.2286883273576122e-01 1.0569552943569462e-01 -9.4309832894921314e-02 -1.8044017112293441e-02 -2.1111358889748472e-01 -9.9999999999999978e-02 -9.9999999999999978e-02
7.1184997715566443e+00 -1.8406766116400602e-01 2.0526095330107463e-01 9.7902356104695193e-02 -9.6887808095359435e-02 -3.5024944053979767e-02 -2.1111358889748472e-01 -9.9999999999999936e-02 -9.9999999999999978e-02
7.1989347972239512e+00 -1.6897381613526216e-01 1.8765264141481064e-01 8.9942014985877575e-02 -9.8966104042072567e-02 -5.2005870995666094e-02 -2.1111358889748472e-01 -9.9999999999999978e-02 -9.9999999999999978e-02
7.2793698228912573e+00 -1.5529561671618058e-01 1.7005277620787038e-01 8.1854685175139316e-02 -1.0054487760330529e-01 -6.8986797937352407e-02 -2.1111358889748472e-01 -9.9999999999999978e-02 -9.9999999999999978e-02
7.3598048485585634e+00 -1.4303166965836964e-01 1.5247023241507751e-01 7.3680517629674286e-02 -1.0162447861053246e-01 -8.5967724879038740e-02 -2.1111358889748466e-01 -9.9999999999999936e-02 -9.9999999999999978e-02
7.4402398742258704e+00 -1.3217986844602683e-01 1.3491387765852736e-01 6.5459619657113416e-02 -1.0220544973235597e-01 -1.0294865182072507e-01 -2.1111358889748466e-01 -9.9999999999999978e-02 -1.0000000000000001e-01
7.5206748998931774e+00 -1.2273739408639531e-01 1.1739256973304844e-01 5.7232039419444290e-02 -1.0228852629076884e-01 -1.1992957876241139e-01 -2.1111358889748466e-01 -9.9999999999999978e-02 -9.9999999999999978e-02
7.6011099255604844e+00 -1.1470071611833085e-01 9.9915153894565539e-02 4.9037750456340790e-02 -1.0187463601984023e-01 -1.3691050570409768e-01 -2.1111358889748461e-01 -1.0000000000000001e-01 -9.9999999999999978e-02
7.6815449512277905e+00 -1.0806559383868268e-01 8.2490460152153333e-02 4.0916636232528718e-02 -1.0096489876689212e-01 -1.5389143264578403e-01 -2.1111358889748466e-01 -9.9999999999999978e-02 -9.9999999999999978e-02
7.7619799768950974e+00 -1.0282707774612783e-01 6.5127300564567281e-02 3.2908474713805910e-02 -9.9560626136254479e-02 -1.7087235958747032e-01 -2.1111358889748461e-01 -9.9999999999999978e-02 -9.9999999999999978e-02
7.8424150025624044e+00 -9.8979511202035769e-02 4.7834466542054269e-02 2.5052922976327299e-02 -9.7663321075703330e-02 -1.8785328652915662e-01 -2.1111358889748466e-01 -1.0000000000000001e-01 -9.9999999999999978e-02
7.8826325153960584e+00 -9.7719673485208144e-02 3.1325599920575507e-02 2.1233591579590590e-02 -9.4966872082172957e-02 -1.9634375000000001e-01 -2.1111358889748472e-01 0.0000000000000000e+00 0.0000000000000000e+00
